INFO:root:
Selector: High Level Ordering of Strategies
| Selector: Heuristic Selector
| | 

DEBUG:root:Executing:Selector: High Level Ordering of Strategies
DEBUG:root:Executing:Selector: Heuristic Selector
DEBUG:root:Executing:
DEBUG:root:Executing:Action: send_highest_value
DEBUG:root:Order:1 18 19.0
DEBUG:root:Result: Action: send_highest_value -> Success
DEBUG:root:Executing:Action: send_highest_value
DEBUG:root:Order:1 12 68.0
DEBUG:root:Result: Action: send_highest_value -> Success
DEBUG:root:Executing:Action: send_highest_value
DEBUG:root:Result: Action: send_highest_value -> Failure
DEBUG:root:Result:  -> Failure
DEBUG:root:Result: Selector: Heuristic Selector -> Failure
DEBUG:root:Result: Selector: High Level Ordering of Strategies -> Failure
DEBUG:root:Finish turn

DEBUG:root:Executing:Selector: High Level Ordering of Strategies
DEBUG:root:Executing:Selector: Heuristic Selector
DEBUG:root:Executing:
DEBUG:root:Executing:Action: send_highest_value
DEBUG:root:Result: Action: send_highest_value -> Failure
DEBUG:root:Result:  -> Failure
DEBUG:root:Result: Selector: Heuristic Selector -> Failure
DEBUG:root:Result: Selector: High Level Ordering of Strategies -> Failure
DEBUG:root:Finish turn

DEBUG:root:Executing:Selector: High Level Ordering of Strategies
DEBUG:root:Executing:Selector: Heuristic Selector
DEBUG:root:Executing:
DEBUG:root:Executing:Action: send_highest_value
DEBUG:root:Result: Action: send_highest_value -> Failure
DEBUG:root:Result:  -> Failure
DEBUG:root:Result: Selector: Heuristic Selector -> Failure
DEBUG:root:Result: Selector: High Level Ordering of Strategies -> Failure
DEBUG:root:Finish turn

DEBUG:root:Executing:Selector: High Level Ordering of Strategies
DEBUG:root:Executing:Selector: Heuristic Selector
DEBUG:root:Executing:
DEBUG:root:Executing:Action: send_highest_value
DEBUG:root:Order:1 9 26.0
DEBUG:root:Result: Action: send_highest_value -> Success
DEBUG:root:Executing:Action: send_highest_value
DEBUG:root:Result: Action: send_highest_value -> Failure
DEBUG:root:Result:  -> Failure
DEBUG:root:Result: Selector: Heuristic Selector -> Failure
DEBUG:root:Result: Selector: High Level Ordering of Strategies -> Failure
DEBUG:root:Finish turn

DEBUG:root:Executing:Selector: High Level Ordering of Strategies
DEBUG:root:Executing:Selector: Heuristic Selector
DEBUG:root:Executing:
DEBUG:root:Executing:Action: send_highest_value
DEBUG:root:Result: Action: send_highest_value -> Failure
DEBUG:root:Result:  -> Failure
DEBUG:root:Result: Selector: Heuristic Selector -> Failure
DEBUG:root:Result: Selector: High Level Ordering of Strategies -> Failure
DEBUG:root:Finish turn

DEBUG:root:Executing:Selector: High Level Ordering of Strategies
DEBUG:root:Executing:Selector: Heuristic Selector
DEBUG:root:Executing:
DEBUG:root:Executing:Action: send_highest_value
DEBUG:root:Result: Action: send_highest_value -> Failure
DEBUG:root:Result:  -> Failure
DEBUG:root:Result: Selector: Heuristic Selector -> Failure
DEBUG:root:Result: Selector: High Level Ordering of Strategies -> Failure
DEBUG:root:Finish turn

DEBUG:root:Executing:Selector: High Level Ordering of Strategies
DEBUG:root:Executing:Selector: Heuristic Selector
DEBUG:root:Executing:
DEBUG:root:Executing:Action: send_highest_value
DEBUG:root:Result: Action: send_highest_value -> Failure
DEBUG:root:Result:  -> Failure
DEBUG:root:Result: Selector: Heuristic Selector -> Failure
DEBUG:root:Result: Selector: High Level Ordering of Strategies -> Failure
DEBUG:root:Finish turn

DEBUG:root:Executing:Selector: High Level Ordering of Strategies
DEBUG:root:Executing:Selector: Heuristic Selector
DEBUG:root:Executing:
DEBUG:root:Executing:Action: send_highest_value
DEBUG:root:Result: Action: send_highest_value -> Failure
DEBUG:root:Result:  -> Failure
DEBUG:root:Result: Selector: Heuristic Selector -> Failure
DEBUG:root:Result: Selector: High Level Ordering of Strategies -> Failure
DEBUG:root:Finish turn

DEBUG:root:Executing:Selector: High Level Ordering of Strategies
DEBUG:root:Executing:Selector: Heuristic Selector
DEBUG:root:Executing:
DEBUG:root:Executing:Action: send_highest_value
DEBUG:root:Result: Action: send_highest_value -> Failure
DEBUG:root:Result:  -> Failure
DEBUG:root:Result: Selector: Heuristic Selector -> Failure
DEBUG:root:Result: Selector: High Level Ordering of Strategies -> Failure
DEBUG:root:Finish turn

DEBUG:root:Executing:Selector: High Level Ordering of Strategies
DEBUG:root:Executing:Selector: Heuristic Selector
DEBUG:root:Executing:
DEBUG:root:Executing:Action: send_highest_value
DEBUG:root:Order:1 9 29.0
DEBUG:root:Result: Action: send_highest_value -> Success
DEBUG:root:Executing:Action: send_highest_value
DEBUG:root:Result: Action: send_highest_value -> Failure
DEBUG:root:Result:  -> Failure
DEBUG:root:Result: Selector: Heuristic Selector -> Failure
DEBUG:root:Result: Selector: High Level Ordering of Strategies -> Failure
DEBUG:root:Finish turn

DEBUG:root:Executing:Selector: High Level Ordering of Strategies
DEBUG:root:Executing:Selector: Heuristic Selector
DEBUG:root:Executing:
DEBUG:root:Executing:Action: send_highest_value
DEBUG:root:Order:18 5 18.0
DEBUG:root:Result: Action: send_highest_value -> Success
DEBUG:root:Executing:Action: send_highest_value
DEBUG:root:Result: Action: send_highest_value -> Failure
DEBUG:root:Result:  -> Failure
DEBUG:root:Result: Selector: Heuristic Selector -> Failure
DEBUG:root:Result: Selector: High Level Ordering of Strategies -> Failure
DEBUG:root:Finish turn

DEBUG:root:Executing:Selector: High Level Ordering of Strategies
DEBUG:root:Executing:Selector: Heuristic Selector
DEBUG:root:Executing:
DEBUG:root:Executing:Action: send_highest_value
DEBUG:root:Order:12 11 37.0
DEBUG:root:Result: Action: send_highest_value -> Success
DEBUG:root:Executing:Action: send_highest_value
DEBUG:root:Result: Action: send_highest_value -> Failure
DEBUG:root:Result:  -> Failure
DEBUG:root:Result: Selector: Heuristic Selector -> Failure
DEBUG:root:Result: Selector: High Level Ordering of Strategies -> Failure
DEBUG:root:Finish turn

DEBUG:root:Executing:Selector: High Level Ordering of Strategies
DEBUG:root:Executing:Selector: Heuristic Selector
DEBUG:root:Executing:
DEBUG:root:Executing:Action: send_highest_value
DEBUG:root:Order:12 17 22.0
DEBUG:root:Result: Action: send_highest_value -> Success
DEBUG:root:Executing:Action: send_highest_value
DEBUG:root:Result: Action: send_highest_value -> Failure
DEBUG:root:Result:  -> Failure
DEBUG:root:Result: Selector: Heuristic Selector -> Failure
DEBUG:root:Result: Selector: High Level Ordering of Strategies -> Failure
DEBUG:root:Finish turn

DEBUG:root:Executing:Selector: High Level Ordering of Strategies
DEBUG:root:Executing:Selector: Heuristic Selector
DEBUG:root:Executing:
DEBUG:root:Executing:Action: send_highest_value
DEBUG:root:Result: Action: send_highest_value -> Failure
DEBUG:root:Result:  -> Failure
DEBUG:root:Result: Selector: Heuristic Selector -> Failure
DEBUG:root:Result: Selector: High Level Ordering of Strategies -> Failure
DEBUG:root:Finish turn

DEBUG:root:Executing:Selector: High Level Ordering of Strategies
DEBUG:root:Executing:Selector: Heuristic Selector
DEBUG:root:Executing:
DEBUG:root:Executing:Action: send_highest_value
DEBUG:root:Order:1 5 25.0
DEBUG:root:Result: Action: send_highest_value -> Success
DEBUG:root:Executing:Action: send_highest_value
DEBUG:root:Result: Action: send_highest_value -> Failure
DEBUG:root:Result:  -> Failure
DEBUG:root:Result: Selector: Heuristic Selector -> Failure
DEBUG:root:Result: Selector: High Level Ordering of Strategies -> Failure
DEBUG:root:Finish turn

DEBUG:root:Executing:Selector: High Level Ordering of Strategies
DEBUG:root:Executing:Selector: Heuristic Selector
DEBUG:root:Executing:
DEBUG:root:Executing:Action: send_highest_value
DEBUG:root:Result: Action: send_highest_value -> Failure
DEBUG:root:Result:  -> Failure
DEBUG:root:Result: Selector: Heuristic Selector -> Failure
DEBUG:root:Result: Selector: High Level Ordering of Strategies -> Failure
DEBUG:root:Finish turn

DEBUG:root:Executing:Selector: High Level Ordering of Strategies
DEBUG:root:Executing:Selector: Heuristic Selector
DEBUG:root:Executing:
DEBUG:root:Executing:Action: send_highest_value
DEBUG:root:Result: Action: send_highest_value -> Failure
DEBUG:root:Result:  -> Failure
DEBUG:root:Result: Selector: Heuristic Selector -> Failure
DEBUG:root:Result: Selector: High Level Ordering of Strategies -> Failure
DEBUG:root:Finish turn

DEBUG:root:Executing:Selector: High Level Ordering of Strategies
DEBUG:root:Executing:Selector: Heuristic Selector
DEBUG:root:Executing:
DEBUG:root:Executing:Action: send_highest_value
DEBUG:root:Result: Action: send_highest_value -> Failure
DEBUG:root:Result:  -> Failure
DEBUG:root:Result: Selector: Heuristic Selector -> Failure
DEBUG:root:Result: Selector: High Level Ordering of Strategies -> Failure
DEBUG:root:Finish turn

DEBUG:root:Executing:Selector: High Level Ordering of Strategies
DEBUG:root:Executing:Selector: Heuristic Selector
DEBUG:root:Executing:
DEBUG:root:Executing:Action: send_highest_value
DEBUG:root:Result: Action: send_highest_value -> Failure
DEBUG:root:Result:  -> Failure
DEBUG:root:Result: Selector: Heuristic Selector -> Failure
DEBUG:root:Result: Selector: High Level Ordering of Strategies -> Failure
DEBUG:root:Finish turn

DEBUG:root:Executing:Selector: High Level Ordering of Strategies
DEBUG:root:Executing:Selector: Heuristic Selector
DEBUG:root:Executing:
DEBUG:root:Executing:Action: send_highest_value
DEBUG:root:Result: Action: send_highest_value -> Failure
DEBUG:root:Result:  -> Failure
DEBUG:root:Result: Selector: Heuristic Selector -> Failure
DEBUG:root:Result: Selector: High Level Ordering of Strategies -> Failure
DEBUG:root:Finish turn

DEBUG:root:Executing:Selector: High Level Ordering of Strategies
DEBUG:root:Executing:Selector: Heuristic Selector
DEBUG:root:Executing:
DEBUG:root:Executing:Action: send_highest_value
DEBUG:root:Order:17 17 2.0
DEBUG:root:Result: Action: send_highest_value -> Success
DEBUG:root:Executing:Action: send_highest_value
DEBUG:root:Order:12 17 16.0
DEBUG:root:Result: Action: send_highest_value -> Success
DEBUG:root:Executing:Action: send_highest_value
DEBUG:root:Result: Action: send_highest_value -> Failure
DEBUG:root:Result:  -> Failure
DEBUG:root:Result: Selector: Heuristic Selector -> Failure
DEBUG:root:Result: Selector: High Level Ordering of Strategies -> Failure
DEBUG:root:Finish turn

DEBUG:root:Executing:Selector: High Level Ordering of Strategies
DEBUG:root:Executing:Selector: Heuristic Selector
DEBUG:root:Executing:
DEBUG:root:Executing:Action: send_highest_value
DEBUG:root:Order:1 6 34.0
DEBUG:root:Result: Action: send_highest_value -> Success
DEBUG:root:Executing:Action: send_highest_value
DEBUG:root:Result: Action: send_highest_value -> Failure
DEBUG:root:Result:  -> Failure
DEBUG:root:Result: Selector: Heuristic Selector -> Failure
DEBUG:root:Result: Selector: High Level Ordering of Strategies -> Failure
DEBUG:root:Finish turn

DEBUG:root:Executing:Selector: High Level Ordering of Strategies
DEBUG:root:Executing:Selector: Heuristic Selector
DEBUG:root:Executing:
DEBUG:root:Executing:Action: send_highest_value
DEBUG:root:Result: Action: send_highest_value -> Failure
DEBUG:root:Result:  -> Failure
DEBUG:root:Result: Selector: Heuristic Selector -> Failure
DEBUG:root:Result: Selector: High Level Ordering of Strategies -> Failure
DEBUG:root:Finish turn

DEBUG:root:Executing:Selector: High Level Ordering of Strategies
DEBUG:root:Executing:Selector: Heuristic Selector
DEBUG:root:Executing:
DEBUG:root:Executing:Action: send_highest_value
DEBUG:root:Result: Action: send_highest_value -> Failure
DEBUG:root:Result:  -> Failure
DEBUG:root:Result: Selector: Heuristic Selector -> Failure
DEBUG:root:Result: Selector: High Level Ordering of Strategies -> Failure
DEBUG:root:Finish turn

DEBUG:root:Executing:Selector: High Level Ordering of Strategies
DEBUG:root:Executing:Selector: Heuristic Selector
DEBUG:root:Executing:
DEBUG:root:Executing:Action: send_highest_value
DEBUG:root:Result: Action: send_highest_value -> Failure
DEBUG:root:Result:  -> Failure
DEBUG:root:Result: Selector: Heuristic Selector -> Failure
DEBUG:root:Result: Selector: High Level Ordering of Strategies -> Failure
DEBUG:root:Finish turn

DEBUG:root:Executing:Selector: High Level Ordering of Strategies
DEBUG:root:Executing:Selector: Heuristic Selector
DEBUG:root:Executing:
DEBUG:root:Executing:Action: send_highest_value
DEBUG:root:Result: Action: send_highest_value -> Failure
DEBUG:root:Result:  -> Failure
DEBUG:root:Result: Selector: Heuristic Selector -> Failure
DEBUG:root:Result: Selector: High Level Ordering of Strategies -> Failure
DEBUG:root:Finish turn

DEBUG:root:Executing:Selector: High Level Ordering of Strategies
DEBUG:root:Executing:Selector: Heuristic Selector
DEBUG:root:Executing:
DEBUG:root:Executing:Action: send_highest_value
DEBUG:root:Order:11 0 14.0
DEBUG:root:Result: Action: send_highest_value -> Success
DEBUG:root:Executing:Action: send_highest_value
DEBUG:root:Order:11 0 28.0
DEBUG:root:Result: Action: send_highest_value -> Success
DEBUG:root:Executing:Action: send_highest_value
DEBUG:root:Order:12 0 28.0
DEBUG:root:Result: Action: send_highest_value -> Success
DEBUG:root:Executing:Action: send_highest_value
DEBUG:root:Result: Action: send_highest_value -> Failure
DEBUG:root:Result:  -> Failure
DEBUG:root:Result: Selector: Heuristic Selector -> Failure
DEBUG:root:Result: Selector: High Level Ordering of Strategies -> Failure
DEBUG:root:Finish turn

DEBUG:root:Executing:Selector: High Level Ordering of Strategies
DEBUG:root:Executing:Selector: Heuristic Selector
DEBUG:root:Executing:
DEBUG:root:Executing:Action: send_highest_value
DEBUG:root:Order:1 6 18.0
DEBUG:root:Result: Action: send_highest_value -> Success
DEBUG:root:Executing:Action: send_highest_value
DEBUG:root:Order:12 6 18.0
DEBUG:root:Result: Action: send_highest_value -> Success
DEBUG:root:Executing:Action: send_highest_value
DEBUG:root:Order:18 6 22.0
DEBUG:root:Result: Action: send_highest_value -> Success
DEBUG:root:Executing:Action: send_highest_value
DEBUG:root:Result: Action: send_highest_value -> Failure
DEBUG:root:Result:  -> Failure
DEBUG:root:Result: Selector: Heuristic Selector -> Failure
DEBUG:root:Result: Selector: High Level Ordering of Strategies -> Failure
DEBUG:root:Finish turn

DEBUG:root:Executing:Selector: High Level Ordering of Strategies
DEBUG:root:Executing:Selector: Heuristic Selector
DEBUG:root:Executing:
DEBUG:root:Executing:Action: send_highest_value
DEBUG:root:Result: Action: send_highest_value -> Failure
DEBUG:root:Result:  -> Failure
DEBUG:root:Result: Selector: Heuristic Selector -> Failure
DEBUG:root:Result: Selector: High Level Ordering of Strategies -> Failure
DEBUG:root:Finish turn

DEBUG:root:Executing:Selector: High Level Ordering of Strategies
DEBUG:root:Executing:Selector: Heuristic Selector
DEBUG:root:Executing:
DEBUG:root:Executing:Action: send_highest_value
DEBUG:root:Result: Action: send_highest_value -> Failure
DEBUG:root:Result:  -> Failure
DEBUG:root:Result: Selector: Heuristic Selector -> Failure
DEBUG:root:Result: Selector: High Level Ordering of Strategies -> Failure
DEBUG:root:Finish turn

DEBUG:root:Executing:Selector: High Level Ordering of Strategies
DEBUG:root:Executing:Selector: Heuristic Selector
DEBUG:root:Executing:
DEBUG:root:Executing:Action: send_highest_value
DEBUG:root:Result: Action: send_highest_value -> Failure
DEBUG:root:Result:  -> Failure
DEBUG:root:Result: Selector: Heuristic Selector -> Failure
DEBUG:root:Result: Selector: High Level Ordering of Strategies -> Failure
DEBUG:root:Finish turn

DEBUG:root:Executing:Selector: High Level Ordering of Strategies
DEBUG:root:Executing:Selector: Heuristic Selector
DEBUG:root:Executing:
DEBUG:root:Executing:Action: send_highest_value
DEBUG:root:Result: Action: send_highest_value -> Failure
DEBUG:root:Result:  -> Failure
DEBUG:root:Result: Selector: Heuristic Selector -> Failure
DEBUG:root:Result: Selector: High Level Ordering of Strategies -> Failure
DEBUG:root:Finish turn

DEBUG:root:Executing:Selector: High Level Ordering of Strategies
DEBUG:root:Executing:Selector: Heuristic Selector
DEBUG:root:Executing:
DEBUG:root:Executing:Action: send_highest_value
DEBUG:root:Result: Action: send_highest_value -> Failure
DEBUG:root:Result:  -> Failure
DEBUG:root:Result: Selector: Heuristic Selector -> Failure
DEBUG:root:Result: Selector: High Level Ordering of Strategies -> Failure
DEBUG:root:Finish turn

DEBUG:root:Executing:Selector: High Level Ordering of Strategies
DEBUG:root:Executing:Selector: Heuristic Selector
DEBUG:root:Executing:
DEBUG:root:Executing:Action: send_highest_value
DEBUG:root:Result: Action: send_highest_value -> Failure
DEBUG:root:Result:  -> Failure
DEBUG:root:Result: Selector: Heuristic Selector -> Failure
DEBUG:root:Result: Selector: High Level Ordering of Strategies -> Failure
DEBUG:root:Finish turn

DEBUG:root:Executing:Selector: High Level Ordering of Strategies
DEBUG:root:Executing:Selector: Heuristic Selector
DEBUG:root:Executing:
DEBUG:root:Executing:Action: send_highest_value
DEBUG:root:Result: Action: send_highest_value -> Failure
DEBUG:root:Result:  -> Failure
DEBUG:root:Result: Selector: Heuristic Selector -> Failure
DEBUG:root:Result: Selector: High Level Ordering of Strategies -> Failure
DEBUG:root:Finish turn

DEBUG:root:Executing:Selector: High Level Ordering of Strategies
DEBUG:root:Executing:Selector: Heuristic Selector
DEBUG:root:Executing:
DEBUG:root:Executing:Action: send_highest_value
DEBUG:root:Result: Action: send_highest_value -> Failure
DEBUG:root:Result:  -> Failure
DEBUG:root:Result: Selector: Heuristic Selector -> Failure
DEBUG:root:Result: Selector: High Level Ordering of Strategies -> Failure
DEBUG:root:Finish turn

DEBUG:root:Executing:Selector: High Level Ordering of Strategies
DEBUG:root:Executing:Selector: Heuristic Selector
DEBUG:root:Executing:
DEBUG:root:Executing:Action: send_highest_value
DEBUG:root:Result: Action: send_highest_value -> Failure
DEBUG:root:Result:  -> Failure
DEBUG:root:Result: Selector: Heuristic Selector -> Failure
DEBUG:root:Result: Selector: High Level Ordering of Strategies -> Failure
DEBUG:root:Finish turn

DEBUG:root:Executing:Selector: High Level Ordering of Strategies
DEBUG:root:Executing:Selector: Heuristic Selector
DEBUG:root:Executing:
DEBUG:root:Executing:Action: send_highest_value
DEBUG:root:Order:1 19 65.0
DEBUG:root:Result: Action: send_highest_value -> Success
DEBUG:root:Executing:Action: send_highest_value
DEBUG:root:Result: Action: send_highest_value -> Failure
DEBUG:root:Result:  -> Failure
DEBUG:root:Result: Selector: Heuristic Selector -> Failure
DEBUG:root:Result: Selector: High Level Ordering of Strategies -> Failure
DEBUG:root:Finish turn

DEBUG:root:Executing:Selector: High Level Ordering of Strategies
DEBUG:root:Executing:Selector: Heuristic Selector
DEBUG:root:Executing:
DEBUG:root:Executing:Action: send_highest_value
DEBUG:root:Result: Action: send_highest_value -> Failure
DEBUG:root:Result:  -> Failure
DEBUG:root:Result: Selector: Heuristic Selector -> Failure
DEBUG:root:Result: Selector: High Level Ordering of Strategies -> Failure
DEBUG:root:Finish turn

DEBUG:root:Executing:Selector: High Level Ordering of Strategies
DEBUG:root:Executing:Selector: Heuristic Selector
DEBUG:root:Executing:
DEBUG:root:Executing:Action: send_highest_value
DEBUG:root:Result: Action: send_highest_value -> Failure
DEBUG:root:Result:  -> Failure
DEBUG:root:Result: Selector: Heuristic Selector -> Failure
DEBUG:root:Result: Selector: High Level Ordering of Strategies -> Failure
DEBUG:root:Finish turn

DEBUG:root:Executing:Selector: High Level Ordering of Strategies
DEBUG:root:Executing:Selector: Heuristic Selector
DEBUG:root:Executing:
DEBUG:root:Executing:Action: send_highest_value
DEBUG:root:Order:11 20 72.0
DEBUG:root:Result: Action: send_highest_value -> Success
DEBUG:root:Executing:Action: send_highest_value
DEBUG:root:Result: Action: send_highest_value -> Failure
DEBUG:root:Result:  -> Failure
DEBUG:root:Result: Selector: Heuristic Selector -> Failure
DEBUG:root:Result: Selector: High Level Ordering of Strategies -> Failure
DEBUG:root:Finish turn

DEBUG:root:Executing:Selector: High Level Ordering of Strategies
DEBUG:root:Executing:Selector: Heuristic Selector
DEBUG:root:Executing:
DEBUG:root:Executing:Action: send_highest_value
DEBUG:root:Order:12 20 69.0
DEBUG:root:Result: Action: send_highest_value -> Success
DEBUG:root:Executing:Action: send_highest_value
DEBUG:root:Result: Action: send_highest_value -> Failure
DEBUG:root:Result:  -> Failure
DEBUG:root:Result: Selector: Heuristic Selector -> Failure
DEBUG:root:Result: Selector: High Level Ordering of Strategies -> Failure
DEBUG:root:Finish turn

DEBUG:root:Executing:Selector: High Level Ordering of Strategies
DEBUG:root:Executing:Selector: Heuristic Selector
DEBUG:root:Executing:
DEBUG:root:Executing:Action: send_highest_value
DEBUG:root:Result: Action: send_highest_value -> Failure
DEBUG:root:Result:  -> Failure
DEBUG:root:Result: Selector: Heuristic Selector -> Failure
DEBUG:root:Result: Selector: High Level Ordering of Strategies -> Failure
DEBUG:root:Finish turn

DEBUG:root:Executing:Selector: High Level Ordering of Strategies
DEBUG:root:Executing:Selector: Heuristic Selector
DEBUG:root:Executing:
DEBUG:root:Executing:Action: send_highest_value
DEBUG:root:Order:9 9 2.0
DEBUG:root:Result: Action: send_highest_value -> Success
DEBUG:root:Executing:Action: send_highest_value
DEBUG:root:Order:9 9 2.0
DEBUG:root:Result: Action: send_highest_value -> Success
DEBUG:root:Executing:Action: send_highest_value
DEBUG:root:Order:9 9 2.0
DEBUG:root:Result: Action: send_highest_value -> Success
DEBUG:root:Executing:Action: send_highest_value
DEBUG:root:Order:9 9 2.0
DEBUG:root:Result: Action: send_highest_value -> Success
DEBUG:root:Executing:Action: send_highest_value
DEBUG:root:Order:9 9 2.0
DEBUG:root:Result: Action: send_highest_value -> Success
DEBUG:root:Executing:Action: send_highest_value
DEBUG:root:Order:9 9 2.0
DEBUG:root:Result: Action: send_highest_value -> Success
DEBUG:root:Executing:Action: send_highest_value
DEBUG:root:Order:9 9 2.0
DEBUG:root:Result: Action: send_highest_value -> Success
DEBUG:root:Executing:Action: send_highest_value
DEBUG:root:Order:9 9 2.0
DEBUG:root:Result: Action: send_highest_value -> Success
DEBUG:root:Executing:Action: send_highest_value
DEBUG:root:Order:9 9 2.0
DEBUG:root:Result: Action: send_highest_value -> Success
DEBUG:root:Executing:Action: send_highest_value
DEBUG:root:Order:9 9 2.0
DEBUG:root:Result: Action: send_highest_value -> Success
DEBUG:root:Executing:Action: send_highest_value
DEBUG:root:Order:9 9 2.0
DEBUG:root:Result: Action: send_highest_value -> Success
DEBUG:root:Executing:Action: send_highest_value
DEBUG:root:Order:9 9 2.0
DEBUG:root:Result: Action: send_highest_value -> Success
DEBUG:root:Executing:Action: send_highest_value
DEBUG:root:Order:9 9 2.0
DEBUG:root:Result: Action: send_highest_value -> Success
DEBUG:root:Executing:Action: send_highest_value
DEBUG:root:Order:9 9 2.0
DEBUG:root:Result: Action: send_highest_value -> Success
DEBUG:root:Executing:Action: send_highest_value
DEBUG:root:Order:9 9 2.0
DEBUG:root:Result: Action: send_highest_value -> Success
DEBUG:root:Executing:Action: send_highest_value
DEBUG:root:Order:9 9 2.0
DEBUG:root:Result: Action: send_highest_value -> Success
DEBUG:root:Executing:Action: send_highest_value
DEBUG:root:Order:9 9 2.0
DEBUG:root:Result: Action: send_highest_value -> Success
DEBUG:root:Executing:Action: send_highest_value
DEBUG:root:Order:9 9 2.0
DEBUG:root:Result: Action: send_highest_value -> Success
DEBUG:root:Executing:Action: send_highest_value
DEBUG:root:Order:17 9 9.0
DEBUG:root:Result: Action: send_highest_value -> Success
DEBUG:root:Executing:Action: send_highest_value
DEBUG:root:Result: Action: send_highest_value -> Failure
DEBUG:root:Result:  -> Failure
DEBUG:root:Result: Selector: Heuristic Selector -> Failure
DEBUG:root:Result: Selector: High Level Ordering of Strategies -> Failure
DEBUG:root:Finish turn

DEBUG:root:Executing:Selector: High Level Ordering of Strategies
DEBUG:root:Executing:Selector: Heuristic Selector
DEBUG:root:Executing:
DEBUG:root:Executing:Action: send_highest_value
DEBUG:root:Result: Action: send_highest_value -> Failure
DEBUG:root:Result:  -> Failure
DEBUG:root:Result: Selector: Heuristic Selector -> Failure
DEBUG:root:Result: Selector: High Level Ordering of Strategies -> Failure
DEBUG:root:Finish turn

DEBUG:root:Executing:Selector: High Level Ordering of Strategies
DEBUG:root:Executing:Selector: Heuristic Selector
DEBUG:root:Executing:
DEBUG:root:Executing:Action: send_highest_value
DEBUG:root:Result: Action: send_highest_value -> Failure
DEBUG:root:Result:  -> Failure
DEBUG:root:Result: Selector: Heuristic Selector -> Failure
DEBUG:root:Result: Selector: High Level Ordering of Strategies -> Failure
DEBUG:root:Finish turn

DEBUG:root:Executing:Selector: High Level Ordering of Strategies
DEBUG:root:Executing:Selector: Heuristic Selector
DEBUG:root:Executing:
DEBUG:root:Executing:Action: send_highest_value
DEBUG:root:Result: Action: send_highest_value -> Failure
DEBUG:root:Result:  -> Failure
DEBUG:root:Result: Selector: Heuristic Selector -> Failure
DEBUG:root:Result: Selector: High Level Ordering of Strategies -> Failure
DEBUG:root:Finish turn

DEBUG:root:Executing:Selector: High Level Ordering of Strategies
DEBUG:root:Executing:Selector: Heuristic Selector
DEBUG:root:Executing:
DEBUG:root:Executing:Action: send_highest_value
DEBUG:root:Result: Action: send_highest_value -> Failure
DEBUG:root:Result:  -> Failure
DEBUG:root:Result: Selector: Heuristic Selector -> Failure
DEBUG:root:Result: Selector: High Level Ordering of Strategies -> Failure
DEBUG:root:Finish turn

DEBUG:root:Executing:Selector: High Level Ordering of Strategies
DEBUG:root:Executing:Selector: Heuristic Selector
DEBUG:root:Executing:
DEBUG:root:Executing:Action: send_highest_value
DEBUG:root:Result: Action: send_highest_value -> Failure
DEBUG:root:Result:  -> Failure
DEBUG:root:Result: Selector: Heuristic Selector -> Failure
DEBUG:root:Result: Selector: High Level Ordering of Strategies -> Failure
DEBUG:root:Finish turn

DEBUG:root:Executing:Selector: High Level Ordering of Strategies
DEBUG:root:Executing:Selector: Heuristic Selector
DEBUG:root:Executing:
DEBUG:root:Executing:Action: send_highest_value
DEBUG:root:Result: Action: send_highest_value -> Failure
DEBUG:root:Result:  -> Failure
DEBUG:root:Result: Selector: Heuristic Selector -> Failure
DEBUG:root:Result: Selector: High Level Ordering of Strategies -> Failure
DEBUG:root:Finish turn

DEBUG:root:Executing:Selector: High Level Ordering of Strategies
DEBUG:root:Executing:Selector: Heuristic Selector
DEBUG:root:Executing:
DEBUG:root:Executing:Action: send_highest_value
DEBUG:root:Order:17 2 42.0
DEBUG:root:Result: Action: send_highest_value -> Success
DEBUG:root:Executing:Action: send_highest_value
DEBUG:root:Result: Action: send_highest_value -> Failure
DEBUG:root:Result:  -> Failure
DEBUG:root:Result: Selector: Heuristic Selector -> Failure
DEBUG:root:Result: Selector: High Level Ordering of Strategies -> Failure
DEBUG:root:Finish turn

DEBUG:root:Executing:Selector: High Level Ordering of Strategies
DEBUG:root:Executing:Selector: Heuristic Selector
DEBUG:root:Executing:
DEBUG:root:Executing:Action: send_highest_value
DEBUG:root:Result: Action: send_highest_value -> Failure
DEBUG:root:Result:  -> Failure
DEBUG:root:Result: Selector: Heuristic Selector -> Failure
DEBUG:root:Result: Selector: High Level Ordering of Strategies -> Failure
DEBUG:root:Finish turn

DEBUG:root:Executing:Selector: High Level Ordering of Strategies
DEBUG:root:Executing:Selector: Heuristic Selector
DEBUG:root:Executing:
DEBUG:root:Executing:Action: send_highest_value
DEBUG:root:Result: Action: send_highest_value -> Failure
DEBUG:root:Result:  -> Failure
DEBUG:root:Result: Selector: Heuristic Selector -> Failure
DEBUG:root:Result: Selector: High Level Ordering of Strategies -> Failure
DEBUG:root:Finish turn

DEBUG:root:Executing:Selector: High Level Ordering of Strategies
DEBUG:root:Executing:Selector: Heuristic Selector
DEBUG:root:Executing:
DEBUG:root:Executing:Action: send_highest_value
DEBUG:root:Order:9 9 2.0
DEBUG:root:Result: Action: send_highest_value -> Success
DEBUG:root:Executing:Action: send_highest_value
DEBUG:root:Order:9 9 2.0
DEBUG:root:Result: Action: send_highest_value -> Success
DEBUG:root:Executing:Action: send_highest_value
DEBUG:root:Order:9 9 2.0
DEBUG:root:Result: Action: send_highest_value -> Success
DEBUG:root:Executing:Action: send_highest_value
DEBUG:root:Order:9 9 2.0
DEBUG:root:Result: Action: send_highest_value -> Success
DEBUG:root:Executing:Action: send_highest_value
DEBUG:root:Order:17 9 9.0
DEBUG:root:Result: Action: send_highest_value -> Success
DEBUG:root:Executing:Action: send_highest_value
DEBUG:root:Result: Action: send_highest_value -> Failure
DEBUG:root:Result:  -> Failure
DEBUG:root:Result: Selector: Heuristic Selector -> Failure
DEBUG:root:Result: Selector: High Level Ordering of Strategies -> Failure
DEBUG:root:Finish turn

DEBUG:root:Executing:Selector: High Level Ordering of Strategies
DEBUG:root:Executing:Selector: Heuristic Selector
DEBUG:root:Executing:
DEBUG:root:Executing:Action: send_highest_value
DEBUG:root:Result: Action: send_highest_value -> Failure
DEBUG:root:Result:  -> Failure
DEBUG:root:Result: Selector: Heuristic Selector -> Failure
DEBUG:root:Result: Selector: High Level Ordering of Strategies -> Failure
DEBUG:root:Finish turn

DEBUG:root:Executing:Selector: High Level Ordering of Strategies
DEBUG:root:Executing:Selector: Heuristic Selector
DEBUG:root:Executing:
DEBUG:root:Executing:Action: send_highest_value
DEBUG:root:Order:1 13 90.0
DEBUG:root:Result: Action: send_highest_value -> Success
DEBUG:root:Executing:Action: send_highest_value
DEBUG:root:Result: Action: send_highest_value -> Failure
DEBUG:root:Result:  -> Failure
DEBUG:root:Result: Selector: Heuristic Selector -> Failure
DEBUG:root:Result: Selector: High Level Ordering of Strategies -> Failure
DEBUG:root:Finish turn

DEBUG:root:Executing:Selector: High Level Ordering of Strategies
DEBUG:root:Executing:Selector: Heuristic Selector
DEBUG:root:Executing:
DEBUG:root:Executing:Action: send_highest_value
DEBUG:root:Order:20 22 80.0
DEBUG:root:Result: Action: send_highest_value -> Success
DEBUG:root:Executing:Action: send_highest_value
DEBUG:root:Order:11 16 81.0
DEBUG:root:Result: Action: send_highest_value -> Success
DEBUG:root:Executing:Action: send_highest_value
DEBUG:root:Result: Action: send_highest_value -> Failure
DEBUG:root:Result:  -> Failure
DEBUG:root:Result: Selector: Heuristic Selector -> Failure
DEBUG:root:Result: Selector: High Level Ordering of Strategies -> Failure
DEBUG:root:Finish turn

DEBUG:root:Executing:Selector: High Level Ordering of Strategies
DEBUG:root:Executing:Selector: Heuristic Selector
DEBUG:root:Executing:
DEBUG:root:Executing:Action: send_highest_value
DEBUG:root:Order:12 15 81.0
DEBUG:root:Result: Action: send_highest_value -> Success
DEBUG:root:Executing:Action: send_highest_value
DEBUG:root:Result: Action: send_highest_value -> Failure
DEBUG:root:Result:  -> Failure
DEBUG:root:Result: Selector: Heuristic Selector -> Failure
DEBUG:root:Result: Selector: High Level Ordering of Strategies -> Failure
DEBUG:root:Finish turn

DEBUG:root:Executing:Selector: High Level Ordering of Strategies
DEBUG:root:Executing:Selector: Heuristic Selector
DEBUG:root:Executing:
DEBUG:root:Executing:Action: send_highest_value
DEBUG:root:Result: Action: send_highest_value -> Failure
DEBUG:root:Result:  -> Failure
DEBUG:root:Result: Selector: Heuristic Selector -> Failure
DEBUG:root:Result: Selector: High Level Ordering of Strategies -> Failure
DEBUG:root:Finish turn

DEBUG:root:Executing:Selector: High Level Ordering of Strategies
DEBUG:root:Executing:Selector: Heuristic Selector
DEBUG:root:Executing:
DEBUG:root:Executing:Action: send_highest_value
DEBUG:root:Result: Action: send_highest_value -> Failure
DEBUG:root:Result:  -> Failure
DEBUG:root:Result: Selector: Heuristic Selector -> Failure
DEBUG:root:Result: Selector: High Level Ordering of Strategies -> Failure
DEBUG:root:Finish turn

DEBUG:root:Executing:Selector: High Level Ordering of Strategies
DEBUG:root:Executing:Selector: Heuristic Selector
DEBUG:root:Executing:
DEBUG:root:Executing:Action: send_highest_value
DEBUG:root:Order:18 21 74.0
DEBUG:root:Result: Action: send_highest_value -> Success
DEBUG:root:Executing:Action: send_highest_value
DEBUG:root:Order:0 14 84.0
DEBUG:root:Result: Action: send_highest_value -> Success
DEBUG:root:Executing:Action: send_highest_value
DEBUG:root:Result: Action: send_highest_value -> Failure
DEBUG:root:Result:  -> Failure
DEBUG:root:Result: Selector: Heuristic Selector -> Failure
DEBUG:root:Result: Selector: High Level Ordering of Strategies -> Failure
DEBUG:root:Finish turn

DEBUG:root:Executing:Selector: High Level Ordering of Strategies
DEBUG:root:Executing:Selector: Heuristic Selector
DEBUG:root:Executing:
DEBUG:root:Executing:Action: send_highest_value
DEBUG:root:Result: Action: send_highest_value -> Failure
DEBUG:root:Result:  -> Failure
DEBUG:root:Result: Selector: Heuristic Selector -> Failure
DEBUG:root:Result: Selector: High Level Ordering of Strategies -> Failure
DEBUG:root:Finish turn

DEBUG:root:Executing:Selector: High Level Ordering of Strategies
DEBUG:root:Executing:Selector: Heuristic Selector
DEBUG:root:Executing:
DEBUG:root:Executing:Action: send_highest_value
DEBUG:root:Result: Action: send_highest_value -> Failure
DEBUG:root:Result:  -> Failure
DEBUG:root:Result: Selector: Heuristic Selector -> Failure
DEBUG:root:Result: Selector: High Level Ordering of Strategies -> Failure
DEBUG:root:Finish turn

DEBUG:root:Executing:Selector: High Level Ordering of Strategies
DEBUG:root:Executing:Selector: Heuristic Selector
DEBUG:root:Executing:
DEBUG:root:Executing:Action: send_highest_value
DEBUG:root:Order:19 19 2.0
DEBUG:root:Result: Action: send_highest_value -> Success
DEBUG:root:Executing:Action: send_highest_value
DEBUG:root:Order:19 19 2.0
DEBUG:root:Result: Action: send_highest_value -> Success
DEBUG:root:Executing:Action: send_highest_value
DEBUG:root:Order:19 19 2.0
DEBUG:root:Result: Action: send_highest_value -> Success
DEBUG:root:Executing:Action: send_highest_value
DEBUG:root:Order:19 19 2.0
DEBUG:root:Result: Action: send_highest_value -> Success
DEBUG:root:Executing:Action: send_highest_value
DEBUG:root:Order:19 19 2.0
DEBUG:root:Result: Action: send_highest_value -> Success
DEBUG:root:Executing:Action: send_highest_value
DEBUG:root:Order:19 19 2.0
DEBUG:root:Result: Action: send_highest_value -> Success
DEBUG:root:Executing:Action: send_highest_value
DEBUG:root:Order:19 19 2.0
DEBUG:root:Result: Action: send_highest_value -> Success
DEBUG:root:Executing:Action: send_highest_value
DEBUG:root:Order:19 19 2.0
DEBUG:root:Result: Action: send_highest_value -> Success
DEBUG:root:Executing:Action: send_highest_value
DEBUG:root:Order:19 19 2.0
DEBUG:root:Result: Action: send_highest_value -> Success
DEBUG:root:Executing:Action: send_highest_value
DEBUG:root:Order:19 19 2.0
DEBUG:root:Result: Action: send_highest_value -> Success
DEBUG:root:Executing:Action: send_highest_value
DEBUG:root:Order:19 19 2.0
DEBUG:root:Result: Action: send_highest_value -> Success
DEBUG:root:Executing:Action: send_highest_value
DEBUG:root:Order:19 19 2.0
DEBUG:root:Result: Action: send_highest_value -> Success
DEBUG:root:Executing:Action: send_highest_value
DEBUG:root:Order:19 19 2.0
DEBUG:root:Result: Action: send_highest_value -> Success
DEBUG:root:Executing:Action: send_highest_value
DEBUG:root:Order:1 19 11.0
DEBUG:root:Result: Action: send_highest_value -> Success
DEBUG:root:Executing:Action: send_highest_value
DEBUG:root:Result: Action: send_highest_value -> Failure
DEBUG:root:Result:  -> Failure
DEBUG:root:Result: Selector: Heuristic Selector -> Failure
DEBUG:root:Result: Selector: High Level Ordering of Strategies -> Failure
DEBUG:root:Finish turn

DEBUG:root:Executing:Selector: High Level Ordering of Strategies
DEBUG:root:Executing:Selector: Heuristic Selector
DEBUG:root:Executing:
DEBUG:root:Executing:Action: send_highest_value
DEBUG:root:Result: Action: send_highest_value -> Failure
DEBUG:root:Result:  -> Failure
DEBUG:root:Result: Selector: Heuristic Selector -> Failure
DEBUG:root:Result: Selector: High Level Ordering of Strategies -> Failure
DEBUG:root:Finish turn

DEBUG:root:Executing:Selector: High Level Ordering of Strategies
DEBUG:root:Executing:Selector: Heuristic Selector
DEBUG:root:Executing:
DEBUG:root:Executing:Action: send_highest_value
DEBUG:root:Result: Action: send_highest_value -> Failure
DEBUG:root:Result:  -> Failure
DEBUG:root:Result: Selector: Heuristic Selector -> Failure
DEBUG:root:Result: Selector: High Level Ordering of Strategies -> Failure
DEBUG:root:Finish turn

DEBUG:root:Executing:Selector: High Level Ordering of Strategies
DEBUG:root:Executing:Selector: Heuristic Selector
DEBUG:root:Executing:
DEBUG:root:Executing:Action: send_highest_value
DEBUG:root:Result: Action: send_highest_value -> Failure
DEBUG:root:Result:  -> Failure
DEBUG:root:Result: Selector: Heuristic Selector -> Failure
DEBUG:root:Result: Selector: High Level Ordering of Strategies -> Failure
DEBUG:root:Finish turn

DEBUG:root:Executing:Selector: High Level Ordering of Strategies
DEBUG:root:Executing:Selector: Heuristic Selector
DEBUG:root:Executing:
DEBUG:root:Executing:Action: send_highest_value
DEBUG:root:Result: Action: send_highest_value -> Failure
DEBUG:root:Result:  -> Failure
DEBUG:root:Result: Selector: Heuristic Selector -> Failure
DEBUG:root:Result: Selector: High Level Ordering of Strategies -> Failure
DEBUG:root:Finish turn

DEBUG:root:Executing:Selector: High Level Ordering of Strategies
DEBUG:root:Executing:Selector: Heuristic Selector
DEBUG:root:Executing:
DEBUG:root:Executing:Action: send_highest_value
DEBUG:root:Result: Action: send_highest_value -> Failure
DEBUG:root:Result:  -> Failure
DEBUG:root:Result: Selector: Heuristic Selector -> Failure
DEBUG:root:Result: Selector: High Level Ordering of Strategies -> Failure
DEBUG:root:Finish turn

DEBUG:root:Executing:Selector: High Level Ordering of Strategies
DEBUG:root:Executing:Selector: Heuristic Selector
DEBUG:root:Executing:
DEBUG:root:Executing:Action: send_highest_value
DEBUG:root:Result: Action: send_highest_value -> Failure
DEBUG:root:Result:  -> Failure
DEBUG:root:Result: Selector: Heuristic Selector -> Failure
DEBUG:root:Result: Selector: High Level Ordering of Strategies -> Failure
DEBUG:root:Finish turn

DEBUG:root:Executing:Selector: High Level Ordering of Strategies
DEBUG:root:Executing:Selector: Heuristic Selector
DEBUG:root:Executing:
DEBUG:root:Executing:Action: send_highest_value
DEBUG:root:Result: Action: send_highest_value -> Failure
DEBUG:root:Result:  -> Failure
DEBUG:root:Result: Selector: Heuristic Selector -> Failure
DEBUG:root:Result: Selector: High Level Ordering of Strategies -> Failure
DEBUG:root:Finish turn

DEBUG:root:Executing:Selector: High Level Ordering of Strategies
DEBUG:root:Executing:Selector: Heuristic Selector
DEBUG:root:Executing:
DEBUG:root:Executing:Action: send_highest_value
DEBUG:root:Result: Action: send_highest_value -> Failure
DEBUG:root:Result:  -> Failure
DEBUG:root:Result: Selector: Heuristic Selector -> Failure
DEBUG:root:Result: Selector: High Level Ordering of Strategies -> Failure
DEBUG:root:Finish turn

DEBUG:root:Executing:Selector: High Level Ordering of Strategies
DEBUG:root:Executing:Selector: Heuristic Selector
DEBUG:root:Executing:
DEBUG:root:Executing:Action: send_highest_value
DEBUG:root:Result: Action: send_highest_value -> Failure
DEBUG:root:Result:  -> Failure
DEBUG:root:Result: Selector: Heuristic Selector -> Failure
DEBUG:root:Result: Selector: High Level Ordering of Strategies -> Failure
DEBUG:root:Finish turn

