DEBUG:root:Order:2 3 10.0
DEBUG:root:Finish turn

DEBUG:root:Order:2 4 10.0
DEBUG:root:Finish turn

DEBUG:root:Order:2 19 15.0
DEBUG:root:Finish turn

DEBUG:root:Order:2 20 15.0
DEBUG:root:Order:2 4 32
DEBUG:root:Finish turn

DEBUG:root:Order:2 15 20.0
DEBUG:root:Bad order:4 3.0 8
DEBUG:root:Finish turn

DEBUG:root:Order:2 16 20.0
DEBUG:root:Order:4 0 26.0
DEBUG:root:Order:4 2 4
DEBUG:root:Finish turn

DEBUG:root:Order:2 4 1
DEBUG:root:Finish turn

DEBUG:root:Order:2 19 6
DEBUG:root:Order:4 19 2
DEBUG:root:Finish turn

DEBUG:root:Order:2 19 2
DEBUG:root:Order:2 4 2
DEBUG:root:Finish turn

DEBUG:root:Order:2 19 1
DEBUG:root:Order:4 19 1
DEBUG:root:Finish turn

DEBUG:root:Order:2 19 1
DEBUG:root:Order:2 4 2
DEBUG:root:Finish turn

DEBUG:root:Bad order:2 22.0 25
DEBUG:root:Bad order:4 19.0 24
DEBUG:root:Bad order:19 5.0 21
DEBUG:root:Finish turn

DEBUG:root:Order:2 15 27
DEBUG:root:Order:4 15 23
DEBUG:root:Bad order:19 14.0 19
DEBUG:root:Finish turn

DEBUG:root:Order:19 15 17
DEBUG:root:Order:2 15 2
DEBUG:root:Finish turn

DEBUG:root:Order:2 4 1
DEBUG:root:Order:2 15 1
DEBUG:root:Order:2 19 1
DEBUG:root:Finish turn

DEBUG:root:Order:2 19 1
DEBUG:root:Order:2 4 2
DEBUG:root:Finish turn

DEBUG:root:Order:2 19 1
DEBUG:root:Finish turn

DEBUG:root:Order:2 19 2
DEBUG:root:Finish turn

DEBUG:root:Order:2 0 6
DEBUG:root:Order:15 0 4
DEBUG:root:Order:4 0 2
DEBUG:root:Finish turn

DEBUG:root:Order:15 9 40.0
DEBUG:root:Order:2 15 10
DEBUG:root:Order:4 15 7
DEBUG:root:Bad order:0 2.0 6
DEBUG:root:Order:19 15 6
DEBUG:root:Finish turn

DEBUG:root:Order:15 10 40.0
DEBUG:root:Bad order:0 3.0 13
DEBUG:root:Order:2 15 11
DEBUG:root:Order:4 15 8
DEBUG:root:Bad order:19 6.0 7
DEBUG:root:Finish turn

DEBUG:root:Bad order:0 4.0 11
DEBUG:root:Order:19 15 5
DEBUG:root:Order:2 15 2
DEBUG:root:Finish turn

DEBUG:root:Bad order:0 5.0 10
DEBUG:root:Order:2 15 3
DEBUG:root:Finish turn

DEBUG:root:Bad order:0 6.0 9
DEBUG:root:Order:0 19 2
DEBUG:root:Order:0 4 1
DEBUG:root:Finish turn

DEBUG:root:Order:2 15 5
DEBUG:root:Order:0 15 3
DEBUG:root:Order:0 19 1
DEBUG:root:Bad order:0 0.0 4
DEBUG:root:Finish turn

DEBUG:root:Bad order:2 17.0 18
DEBUG:root:Order:15 4 15
DEBUG:root:Bad order:0 1.0 14
DEBUG:root:Bad order:19 9.0 13
DEBUG:root:Finish turn

DEBUG:root:Order:2 4 20
DEBUG:root:Bad order:0 2.0 12
DEBUG:root:Bad order:19 10.0 11
DEBUG:root:Finish turn

DEBUG:root:Order:15 5 46.0
DEBUG:root:Bad order:0 3.0 19
DEBUG:root:Bad order:19 11.0 18
DEBUG:root:Bad order:2 7.0 11
DEBUG:root:Bad order:20 2.0 6
DEBUG:root:Finish turn

DEBUG:root:Bad order:0 4.0 18
DEBUG:root:Bad order:19 12.0 17
DEBUG:root:Bad order:2 12.0 14
DEBUG:root:Bad order:20 3.0 5
DEBUG:root:Finish turn

DEBUG:root:Bad order:0 9.0 16
DEBUG:root:Order:2 15 16
DEBUG:root:Bad order:19 13.0 15
DEBUG:root:Order:20 15 3
DEBUG:root:Order:16 15 2
DEBUG:root:Finish turn

DEBUG:root:Bad order:0 10.0 13
DEBUG:root:Order:19 4 12
DEBUG:root:Order:2 4 1
DEBUG:root:Finish turn

DEBUG:root:Order:0 4 9
DEBUG:root:Order:0 20 4
DEBUG:root:Bad order:0 0.0 1
DEBUG:root:Bad order:0 0.0 11
DEBUG:root:Order:2 16 2
DEBUG:root:Finish turn

DEBUG:root:Order:4 6 46.0
DEBUG:root:Order:2 4 11
DEBUG:root:Order:16 4 10
DEBUG:root:Bad order:20 4.0 6
DEBUG:root:Order:0 4 5
DEBUG:root:Bad order:19 4.0 5
DEBUG:root:Finish turn

DEBUG:root:Order:20 4 5
DEBUG:root:Order:19 4 4
DEBUG:root:Order:2 4 3
DEBUG:root:Order:2 0 3
DEBUG:root:Order:16 0 1
DEBUG:root:Finish turn

DEBUG:root:Bad order:0 4.0 13
DEBUG:root:Bad order:16 5.0 12
DEBUG:root:Bad order:2 6.0 11
DEBUG:root:Order:4 9 10
DEBUG:root:Bad order:19 5.0 10
DEBUG:root:Bad order:20 1.0 10
DEBUG:root:Finish turn

DEBUG:root:Bad order:2 11.0 14
DEBUG:root:Bad order:16 8.0 13
DEBUG:root:Bad order:0 5.0 12
DEBUG:root:Bad order:19 6.0 9
DEBUG:root:Bad order:20 2.0 9
DEBUG:root:Finish turn

DEBUG:root:Bad order:2 16.0 17
DEBUG:root:Bad order:16 11.0 14
DEBUG:root:Bad order:0 6.0 11
DEBUG:root:Bad order:19 7.0 8
DEBUG:root:Bad order:20 3.0 8
DEBUG:root:Finish turn

DEBUG:root:Order:2 9 20
DEBUG:root:Bad order:16 14.0 15
DEBUG:root:Bad order:0 7.0 10
DEBUG:root:Order:19 9 7
DEBUG:root:Bad order:20 4.0 7
DEBUG:root:Finish turn

DEBUG:root:Order:16 9 16
DEBUG:root:Bad order:0 8.0 9
DEBUG:root:Bad order:20 5.0 6
DEBUG:root:Order:2 9 3
DEBUG:root:Finish turn

DEBUG:root:Order:0 9 7
DEBUG:root:Order:20 9 4
DEBUG:root:Order:2 9 2
DEBUG:root:Order:2 10 2
DEBUG:root:Order:2 19 2
DEBUG:root:Order:2 4 2
DEBUG:root:Finish turn

DEBUG:root:Order:5 2 2
DEBUG:root:Order:5 19 1
DEBUG:root:Order:5 0 3
DEBUG:root:Order:4 0 1
DEBUG:root:Order:16 0 1
DEBUG:root:Finish turn

DEBUG:root:Order:4 11 54.0
DEBUG:root:Bad order:0 4.0 9
DEBUG:root:Order:2 4 8
DEBUG:root:Order:16 4 7
DEBUG:root:Order:5 4 6
DEBUG:root:Order:9 4 5
DEBUG:root:Order:10 4 5
DEBUG:root:Order:19 4 4
DEBUG:root:Order:20 4 4
DEBUG:root:Finish turn

DEBUG:root:Bad order:0 5.0 7
DEBUG:root:Order:2 4 2
DEBUG:root:Order:5 4 2
DEBUG:root:Finish turn

DEBUG:root:Order:0 4 5
DEBUG:root:Bad order:0 1.0 2
DEBUG:root:Bad order:0 1.0 2
DEBUG:root:Bad order:0 1.0 6
DEBUG:root:Order:2 9 3
DEBUG:root:Order:5 9 3
DEBUG:root:Order:16 9 1
DEBUG:root:Finish turn

DEBUG:root:Order:9 19 4
DEBUG:root:Order:9 20 4
DEBUG:root:Order:9 4 1
DEBUG:root:Order:9 10 1
DEBUG:root:Order:9 0 5
DEBUG:root:Order:2 0 2
DEBUG:root:Order:5 0 2
DEBUG:root:Finish turn

DEBUG:root:Bad order:0 4.0 8
DEBUG:root:Order:2 11 4
DEBUG:root:Order:5 11 4
DEBUG:root:Order:16 11 2
DEBUG:root:Finish turn

DEBUG:root:Bad order:0 5.0 6
DEBUG:root:Order:2 9 2
DEBUG:root:Order:5 9 2
DEBUG:root:Finish turn

DEBUG:root:Order:0 9 5
DEBUG:root:Order:0 19 3
DEBUG:root:Bad order:0 1.0 3
DEBUG:root:Bad order:0 1.0 5
DEBUG:root:Order:2 10 3
DEBUG:root:Order:5 10 3
DEBUG:root:Order:11 10 1
DEBUG:root:Order:16 10 1
DEBUG:root:Finish turn

DEBUG:root:Order:10 20 5
DEBUG:root:Order:10 0 4
DEBUG:root:Order:10 19 2
DEBUG:root:Order:10 9 1
DEBUG:root:Finish turn

DEBUG:root:Order:2 10 4
DEBUG:root:Order:5 10 2
DEBUG:root:Order:5 0 2
DEBUG:root:Order:5 19 2
DEBUG:root:Order:5 20 2
DEBUG:root:Finish turn

DEBUG:root:Order:11 0 2
DEBUG:root:Order:11 19 2
DEBUG:root:Order:11 20 2
DEBUG:root:Order:11 5 1
DEBUG:root:Order:11 10 1
DEBUG:root:Finish turn

DEBUG:root:Order:2 11 2
DEBUG:root:Order:2 0 1
DEBUG:root:Order:2 19 1
DEBUG:root:Order:2 20 1
DEBUG:root:Order:2 10 5
DEBUG:root:Order:5 10 2
DEBUG:root:Order:16 10 1
DEBUG:root:Finish turn

DEBUG:root:Order:10 0 2
DEBUG:root:Order:10 2 2
DEBUG:root:Order:10 19 2
DEBUG:root:Order:10 20 2
DEBUG:root:Finish turn

DEBUG:root:Order:5 2 14
DEBUG:root:Order:11 2 11
DEBUG:root:Order:16 2 10
DEBUG:root:Order:0 2 7
DEBUG:root:Bad order:10 6.0 7
DEBUG:root:Order:19 2 7
DEBUG:root:Order:20 2 7
DEBUG:root:Finish turn

DEBUG:root:Order:10 2 5
DEBUG:root:Order:10 0 1
DEBUG:root:Order:10 19 1
DEBUG:root:Order:10 20 1
DEBUG:root:Finish turn

DEBUG:root:Order:5 0 2
DEBUG:root:Order:5 10 2
DEBUG:root:Order:5 19 2
DEBUG:root:Order:5 20 2
DEBUG:root:Finish turn

DEBUG:root:Order:2 12 54.0
DEBUG:root:Order:11 2 10
DEBUG:root:Order:16 2 7
DEBUG:root:Order:5 2 5
DEBUG:root:Bad order:10 4.0 5
DEBUG:root:Order:0 2 4
DEBUG:root:Order:19 2 4
DEBUG:root:Order:20 2 4
DEBUG:root:Finish turn

DEBUG:root:Order:10 2 4
DEBUG:root:Order:5 2 2
DEBUG:root:Order:11 2 1
DEBUG:root:Order:11 0 1
DEBUG:root:Order:11 19 1
DEBUG:root:Order:11 20 1
DEBUG:root:Finish turn

DEBUG:root:Order:5 0 1
DEBUG:root:Order:5 19 1
DEBUG:root:Order:5 20 1
DEBUG:root:Order:5 11 3
DEBUG:root:Order:2 11 2
DEBUG:root:Order:16 11 1
DEBUG:root:Finish turn

DEBUG:root:Order:11 6 10
DEBUG:root:Order:16 6 4
DEBUG:root:Order:5 6 3
DEBUG:root:Order:10 6 3
DEBUG:root:Order:0 6 1
DEBUG:root:Order:19 6 1
DEBUG:root:Order:20 6 1
DEBUG:root:Finish turn

DEBUG:root:Order:5 6 12
DEBUG:root:Order:11 6 11
DEBUG:root:Order:16 6 10
DEBUG:root:Bad order:10 5.0 9
DEBUG:root:Order:0 6 8
DEBUG:root:Order:19 6 8
DEBUG:root:Order:20 6 8
DEBUG:root:Finish turn

DEBUG:root:Bad order:10 7.0 8
DEBUG:root:Order:5 6 2
DEBUG:root:Order:11 6 1
DEBUG:root:Finish turn

DEBUG:root:Bad order:10 10.0 17
DEBUG:root:Order:11 5 11
DEBUG:root:Order:16 5 10
DEBUG:root:Order:0 5 6
DEBUG:root:Order:19 5 6
DEBUG:root:Order:20 5 6
DEBUG:root:Order:6 5 4
DEBUG:root:Finish turn

DEBUG:root:Bad order:10 14.0 17
DEBUG:root:Order:10 0 1
DEBUG:root:Order:10 19 1
DEBUG:root:Order:10 20 1
DEBUG:root:Finish turn

DEBUG:root:Order:10 5 13
DEBUG:root:Order:11 5 1
DEBUG:root:Order:11 0 1
DEBUG:root:Order:11 19 1
DEBUG:root:Order:11 20 1
DEBUG:root:Finish turn

DEBUG:root:Order:5 0 1
DEBUG:root:Order:5 19 1
DEBUG:root:Order:5 20 1
DEBUG:root:Finish turn

DEBUG:root:Order:11 0 2
DEBUG:root:Order:11 19 2
DEBUG:root:Order:11 20 2
DEBUG:root:Order:11 10 2
DEBUG:root:Order:16 10 2
DEBUG:root:Order:5 10 1
DEBUG:root:Finish turn

DEBUG:root:Order:10 11 3
DEBUG:root:Order:10 0 1
DEBUG:root:Order:10 19 1
DEBUG:root:Order:10 20 1
DEBUG:root:Finish turn

DEBUG:root:Order:5 0 2
DEBUG:root:Order:5 10 2
DEBUG:root:Order:5 19 2
DEBUG:root:Order:5 20 2
DEBUG:root:Finish turn

DEBUG:root:Order:5 13 62.0
DEBUG:root:Order:11 5 11
DEBUG:root:Order:16 5 11
DEBUG:root:Bad order:10 7.0 8
DEBUG:root:Order:0 5 7
DEBUG:root:Order:19 5 7
DEBUG:root:Order:20 5 7
DEBUG:root:Finish turn

DEBUG:root:Order:10 5 7
DEBUG:root:Order:10 0 1
DEBUG:root:Order:10 19 1
DEBUG:root:Bad order:10 0.0 1
DEBUG:root:Finish turn

DEBUG:root:Order:11 20 2
DEBUG:root:Order:11 0 1
DEBUG:root:Order:11 10 1
DEBUG:root:Order:11 19 1
DEBUG:root:Finish turn

DEBUG:root:Order:5 0 2
DEBUG:root:Order:5 19 2
DEBUG:root:Order:5 20 2
DEBUG:root:Order:5 10 1
DEBUG:root:Finish turn

DEBUG:root:Order:16 0 1
DEBUG:root:Order:16 19 1
DEBUG:root:Order:16 20 1
DEBUG:root:Order:16 10 2
DEBUG:root:Order:11 10 1
DEBUG:root:Finish turn

DEBUG:root:Order:5 0 1
DEBUG:root:Order:5 16 1
DEBUG:root:Order:5 19 1
DEBUG:root:Order:5 20 1
DEBUG:root:Finish turn

DEBUG:root:Order:11 0 2
DEBUG:root:Order:11 19 2
DEBUG:root:Order:11 20 2
DEBUG:root:Order:11 16 3
DEBUG:root:Order:5 16 1
DEBUG:root:Order:10 16 1
DEBUG:root:Finish turn

DEBUG:root:Order:16 11 3
DEBUG:root:Order:16 0 1
DEBUG:root:Order:16 19 1
DEBUG:root:Order:16 20 1
DEBUG:root:Finish turn

DEBUG:root:Order:5 14 62.0
DEBUG:root:Order:11 5 9
DEBUG:root:Order:10 5 8
DEBUG:root:Order:16 5 8
DEBUG:root:Order:0 5 6
DEBUG:root:Order:19 5 6
DEBUG:root:Order:20 5 6
DEBUG:root:Finish turn

DEBUG:root:Order:11 5 1
DEBUG:root:Order:11 0 2
DEBUG:root:Order:16 0 1
DEBUG:root:Finish turn

DEBUG:root:Order:5 19 1
DEBUG:root:Finish turn

DEBUG:root:Order:5 20 3
DEBUG:root:Order:5 19 2
DEBUG:root:Order:5 0 3
DEBUG:root:Order:11 0 2
DEBUG:root:Order:16 0 1
DEBUG:root:Finish turn

DEBUG:root:Order:0 12 9
DEBUG:root:Order:11 12 7
DEBUG:root:Order:16 12 6
DEBUG:root:Order:10 12 4
DEBUG:root:Order:5 12 3
DEBUG:root:Order:19 12 3
DEBUG:root:Order:20 12 3
DEBUG:root:Finish turn

DEBUG:root:Order:5 12 3
DEBUG:root:Order:11 12 1
DEBUG:root:Order:11 0 2
DEBUG:root:Order:16 0 1
DEBUG:root:Finish turn

DEBUG:root:Order:5 19 2
DEBUG:root:Order:5 20 2
DEBUG:root:Order:5 10 2
DEBUG:root:Finish turn

DEBUG:root:Order:11 19 2
DEBUG:root:Order:11 20 2
DEBUG:root:Order:11 0 1
DEBUG:root:Order:11 5 1
DEBUG:root:Finish turn

DEBUG:root:Order:12 11 2
DEBUG:root:Order:12 0 1
DEBUG:root:Order:12 19 1
DEBUG:root:Order:12 20 1
DEBUG:root:Finish turn

DEBUG:root:Order:5 0 2
DEBUG:root:Order:5 19 2
DEBUG:root:Order:5 20 2
DEBUG:root:Order:5 10 4
DEBUG:root:Order:16 10 1
DEBUG:root:Finish turn

DEBUG:root:Order:10 5 2
DEBUG:root:Order:10 0 1
DEBUG:root:Order:10 19 1
DEBUG:root:Order:10 20 1
DEBUG:root:Finish turn

DEBUG:root:Order:11 14 10
DEBUG:root:Order:12 14 9
DEBUG:root:Order:5 14 8
DEBUG:root:Order:16 14 8
DEBUG:root:Order:10 14 5
DEBUG:root:Order:0 14 4
DEBUG:root:Order:19 14 4
DEBUG:root:Order:20 14 4
DEBUG:root:Finish turn

DEBUG:root:Order:11 0 1
DEBUG:root:Order:11 19 1
DEBUG:root:Order:11 20 1
DEBUG:root:Order:11 10 1
DEBUG:root:Order:12 10 1
DEBUG:root:Finish turn

DEBUG:root:Order:12 11 16
DEBUG:root:Bad order:14 9.0 16
DEBUG:root:Order:10 11 15
DEBUG:root:Order:16 11 15
DEBUG:root:Order:0 11 12
DEBUG:root:Order:19 11 3
DEBUG:root:Order:19 13 12
DEBUG:root:Order:20 13 12
DEBUG:root:Finish turn

DEBUG:root:Bad order:14 13.0 17
DEBUG:root:Order:14 19 3
DEBUG:root:Bad order:14 10.0 18
DEBUG:root:Order:12 0 2
DEBUG:root:Order:11 0 1
DEBUG:root:Order:16 0 1
DEBUG:root:Finish turn

DEBUG:root:Bad order:14 14.0 16
DEBUG:root:Order:14 19 2
DEBUG:root:Order:14 20 2
DEBUG:root:Bad order:14 10.0 16
DEBUG:root:Order:0 10 1
DEBUG:root:Order:12 10 1
DEBUG:root:Finish turn

DEBUG:root:Bad order:14 14.0 24
DEBUG:root:Order:10 12 11
DEBUG:root:Order:16 12 11
DEBUG:root:Order:0 12 9
DEBUG:root:Order:19 12 8
DEBUG:root:Order:20 12 8
DEBUG:root:Finish turn

DEBUG:root:Bad order:14 18.0 33
DEBUG:root:Order:16 5 8
DEBUG:root:Order:10 5 7
DEBUG:root:Order:0 5 6
DEBUG:root:Order:19 5 6
DEBUG:root:Order:20 5 6
DEBUG:root:Order:13 5 4
DEBUG:root:Finish turn

DEBUG:root:Bad order:14 26.0 28
DEBUG:root:Order:14 0 1
DEBUG:root:Order:14 19 1
DEBUG:root:Order:14 20 1
DEBUG:root:Bad order:14 23.0 34
DEBUG:root:Order:13 10 1
DEBUG:root:Finish turn

DEBUG:root:Order:14 5 26
DEBUG:root:Bad order:14 1.0 2
DEBUG:root:Bad order:14 1.0 2
DEBUG:root:Bad order:14 1.0 2
DEBUG:root:Bad order:14 1.0 32
DEBUG:root:Order:13 10 1
DEBUG:root:Finish turn

DEBUG:root:Order:14 0 3
DEBUG:root:Bad order:14 2.0 3
DEBUG:root:Bad order:14 2.0 3
DEBUG:root:Finish turn

DEBUG:root:Bad order:14 10.0 17
DEBUG:root:Order:16 13 12
DEBUG:root:Order:10 13 10
DEBUG:root:Order:0 13 8
DEBUG:root:Order:19 13 5
DEBUG:root:Order:20 13 5
DEBUG:root:Finish turn

DEBUG:root:Order:14 13 30
DEBUG:root:Order:16 13 12
DEBUG:root:Order:10 13 11
DEBUG:root:Order:0 13 10
DEBUG:root:Order:19 13 10
DEBUG:root:Order:20 13 10
DEBUG:root:Finish turn

DEBUG:root:Bad order:14 6.0 12
DEBUG:root:Order:16 13 11
DEBUG:root:Order:10 13 10
DEBUG:root:Order:0 13 9
DEBUG:root:Order:19 13 9
DEBUG:root:Order:20 13 9
DEBUG:root:Finish turn

DEBUG:root:Bad order:14 10.0 12
DEBUG:root:Bad order:14 10.0 14
DEBUG:root:Order:16 0 1
DEBUG:root:Finish turn

DEBUG:root:Order:14 13 26
DEBUG:root:Order:16 13 11
DEBUG:root:Order:10 13 10
DEBUG:root:Order:0 13 9
DEBUG:root:Order:19 13 8
DEBUG:root:Order:20 13 8
DEBUG:root:Finish turn

DEBUG:root:Order:16 14 12
DEBUG:root:Bad order:10 8.0 11
DEBUG:root:Order:0 14 10
DEBUG:root:Order:19 14 10
DEBUG:root:Bad order:20 2.0 10
DEBUG:root:Order:13 14 9
DEBUG:root:Finish turn

DEBUG:root:Order:13 7 64.0
DEBUG:root:Bad order:10 11.0 19
DEBUG:root:Bad order:20 6.0 17
DEBUG:root:Bad order:16 8.0 9
DEBUG:root:Bad order:0 5.0 7
DEBUG:root:Bad order:19 3.0 7
DEBUG:root:Finish turn

DEBUG:root:Bad order:10 13.0 19
DEBUG:root:Bad order:20 9.0 16
DEBUG:root:Order:16 13 10
DEBUG:root:Order:0 13 6
DEBUG:root:Bad order:19 5.0 6
DEBUG:root:Finish turn

DEBUG:root:Bad order:10 15.0 30
DEBUG:root:Bad order:20 12.0 26
DEBUG:root:Bad order:19 8.0 16
DEBUG:root:Bad order:16 4.0 12
DEBUG:root:Bad order:0 1.0 10
DEBUG:root:Order:14 13 4
DEBUG:root:Finish turn

DEBUG:root:Order:10 14 13
DEBUG:root:Bad order:10 4.0 6
DEBUG:root:Order:10 16 2
DEBUG:root:Bad order:10 2.0 14
DEBUG:root:Order:20 19 9
DEBUG:root:Finish turn

DEBUG:root:Bad order:19 10.0 26
DEBUG:root:Bad order:16 10.0 19
DEBUG:root:Bad order:10 4.0 18
DEBUG:root:Bad order:20 7.0 18
DEBUG:root:Bad order:0 3.0 11
DEBUG:root:Finish turn

DEBUG:root:Order:19 0 7
DEBUG:root:Order:16 0 1
DEBUG:root:Order:16 20 1
DEBUG:root:Finish turn

DEBUG:root:Order:16 0 1
DEBUG:root:Finish turn

DEBUG:root:Order:16 19 1
DEBUG:root:Order:16 20 1
DEBUG:root:Order:16 0 1
DEBUG:root:Finish turn

DEBUG:root:Order:10 19 1
DEBUG:root:Finish turn

DEBUG:root:Order:16 20 1
DEBUG:root:Order:16 0 1
DEBUG:root:Finish turn

DEBUG:root:Order:10 19 1
DEBUG:root:Order:10 20 1
DEBUG:root:Finish turn

DEBUG:root:Order:16 0 2
DEBUG:root:Finish turn

DEBUG:root:Order:16 19 1
DEBUG:root:Order:16 20 1
DEBUG:root:Order:16 10 1
DEBUG:root:Finish turn

DEBUG:root:Order:10 19 1
DEBUG:root:Finish turn

DEBUG:root:Order:16 7 6
DEBUG:root:Order:10 7 5
DEBUG:root:Order:0 7 4
DEBUG:root:Order:19 7 4
DEBUG:root:Order:20 7 3
DEBUG:root:Finish turn

DEBUG:root:Order:16 0 1
DEBUG:root:Finish turn

DEBUG:root:Order:16 7 1
DEBUG:root:Order:16 19 1
DEBUG:root:Order:16 20 1
DEBUG:root:Finish turn

DEBUG:root:Order:10 0 1
DEBUG:root:Finish turn

DEBUG:root:Order:16 7 1
DEBUG:root:Order:16 19 1
DEBUG:root:Order:16 20 1
DEBUG:root:Finish turn

DEBUG:root:Order:10 0 1
DEBUG:root:Finish turn

DEBUG:root:Order:10 16 13
DEBUG:root:Order:0 16 12
DEBUG:root:Order:7 16 11
DEBUG:root:Order:19 16 11
DEBUG:root:Order:20 16 11
DEBUG:root:Finish turn

DEBUG:root:Order:10 16 13
DEBUG:root:Order:0 16 12
DEBUG:root:Bad order:7 7.0 12
DEBUG:root:Bad order:19 5.0 12
DEBUG:root:Order:20 16 12
DEBUG:root:Finish turn

DEBUG:root:Bad order:7 9.0 24
DEBUG:root:Bad order:19 6.0 24
DEBUG:root:Bad order:10 10.0 13
DEBUG:root:Bad order:0 7.0 12
DEBUG:root:Bad order:20 10.0 12
DEBUG:root:Finish turn

DEBUG:root:Bad order:7 10.0 36
DEBUG:root:Bad order:19 16.0 36
DEBUG:root:Bad order:10 12.0 26
DEBUG:root:Bad order:0 8.0 24
DEBUG:root:Bad order:20 11.0 24
DEBUG:root:Finish turn

DEBUG:root:Bad order:7 15.0 21
DEBUG:root:Bad order:19 17.0 21
DEBUG:root:Order:0 10 9
DEBUG:root:Order:20 10 9
DEBUG:root:Finish turn

DEBUG:root:Bad order:7 16.0 61
DEBUG:root:Bad order:19 18.0 61
DEBUG:root:Bad order:0 1.0 40
DEBUG:root:Bad order:20 4.0 40
DEBUG:root:Finish turn

DEBUG:root:Bad order:7 17.0 73
DEBUG:root:Bad order:19 19.0 73
DEBUG:root:Bad order:0 3.0 52
DEBUG:root:Bad order:20 5.0 52
DEBUG:root:Finish turn

DEBUG:root:Bad order:7 18.0 51
DEBUG:root:Bad order:19 21.0 51
DEBUG:root:Bad order:0 4.0 30
DEBUG:root:Bad order:20 6.0 30
DEBUG:root:Finish turn

DEBUG:root:Bad order:7 19.0 50
DEBUG:root:Bad order:19 23.0 50
DEBUG:root:Bad order:0 5.0 29
DEBUG:root:Bad order:20 7.0 29
DEBUG:root:Finish turn

DEBUG:root:Order:7 0 10
DEBUG:root:Order:7 20 10
DEBUG:root:Finish turn

DEBUG:root:Order:19 7 9
DEBUG:root:Order:19 0 10
DEBUG:root:Finish turn

DEBUG:root:Order:0 19 8
DEBUG:root:Bad order:0 2.0 9
DEBUG:root:Finish turn

DEBUG:root:Order:0 7 1
DEBUG:root:Finish turn

DEBUG:root:Finish turn

DEBUG:root:Finish turn

DEBUG:root:Finish turn

DEBUG:root:Finish turn

DEBUG:root:Finish turn

DEBUG:root:Bad order:7 18.0 19
DEBUG:root:Order:19 0 18
DEBUG:root:Order:20 0 18
DEBUG:root:Finish turn

DEBUG:root:Bad order:7 19.0 38
DEBUG:root:Bad order:19 2.0 19
DEBUG:root:Bad order:20 10.0 19
DEBUG:root:Finish turn

DEBUG:root:Bad order:7 20.0 56
DEBUG:root:Bad order:19 3.0 37
DEBUG:root:Bad order:20 11.0 37
DEBUG:root:Finish turn

DEBUG:root:Bad order:7 21.0 75
DEBUG:root:Bad order:19 12.0 56
DEBUG:root:Bad order:20 12.0 56
DEBUG:root:Finish turn

DEBUG:root:Bad order:7 23.0 94
DEBUG:root:Bad order:19 13.0 75
DEBUG:root:Bad order:20 13.0 75
DEBUG:root:Finish turn

DEBUG:root:Bad order:7 24.0 113
DEBUG:root:Bad order:19 14.0 94
DEBUG:root:Bad order:20 14.0 94
DEBUG:root:Finish turn

DEBUG:root:Bad order:19 15.0 18
DEBUG:root:Bad order:20 15.0 18
DEBUG:root:Finish turn

DEBUG:root:Bad order:19 16.0 43
DEBUG:root:Bad order:20 16.0 43
DEBUG:root:Finish turn

DEBUG:root:Bad order:19 17.0 68
DEBUG:root:Bad order:20 17.0 68
DEBUG:root:Finish turn

DEBUG:root:Finish turn

DEBUG:root:Bad order:20 19.0 37
DEBUG:root:Finish turn

DEBUG:root:Finish turn

DEBUG:root:Finish turn

DEBUG:root:Finish turn

DEBUG:root:Finish turn

DEBUG:root:Finish turn

DEBUG:root:Finish turn

DEBUG:root:Finish turn

DEBUG:root:Finish turn

DEBUG:root:Finish turn

